# MPD log
#Info (TC_CN) New client (fd=7)
1-mpd-connection-info
2-gdb-set substitute-path /home/release/build/20211118.2/Imperas /usr/cad/imperas/cur
3-mpd-list-processor-info
4-mpd-list-processor-info
5-mpd-context-info
6-mpd-list-processor-info
7-stack-info-depth --thread 2 11
8-stack-list-frames --thread 2
9-thread-select --thread 2 2
10-stack-list-arguments --thread 2 1
11-stack-list-locals --thread 2 --frame 0 1
12-thread-select --thread 1 1
13-stack-info-depth --thread 1 2
14-stack-list-frames --thread 1
15-break-insert --thread 1 /home/user2/esl24/esl2427/DMA_project_2/application/program1.c:110
16-break-insert --thread 1 /home/user2/esl24/esl2427/DMA_project_2/application/program1.c:115
17-break-delete --thread 1 2
18-break-insert --thread 1 /home/user2/esl24/esl2427/DMA_project_2/application/program1.c:116
19-break-insert --thread 1 /home/user2/esl24/esl2427/DMA_project_2/application/program1.c:115
20-break-delete --thread 1 4
21-break-insert --thread 1 /home/user2/esl24/esl2427/DMA_project_2/application/program1.c:103
22-data-read-memory-bytes --thread 1 2098176 320
23-data-read-memory-bytes --thread 1 3145728 320
24-data-read-memory-bytes --thread 1 2099200 320
25-thread-select --thread 2 2
26-break-insert --thread 2 /home/user2/esl24/esl2427/DMA_project_2/application/program2.c:105
27-break-insert --thread 2 /home/user2/esl24/esl2427/DMA_project_2/application/program2.c:114
28-break-insert --thread 2 /home/user2/esl24/esl2427/DMA_project_2/application/program2.c:119
29-data-read-memory-bytes --thread 2 3146752 320
30-data-read-memory-bytes --thread 2 2097152 320
31-data-read-memory-bytes --thread 2 2099200 320
32-exec-continue --thread 2
#
#Breakpoint 5 at /home/user2/esl24/esl2427/DMA_project_2/application/program1.c:103 triggered for processor top.cpu1
#
#main (argc=0, argv=0xfffff004) at program1.c:103
#103	        printf("RISC-V-1 writing DMA control registers\n");
33-mpd-list-processor-info
34-data-read-memory-bytes --thread 2 2099200 320
35-stack-info-depth --thread 1 11
36-data-read-memory-bytes --thread 1 2099200 320
37-data-read-memory-bytes --thread 1 2098176 320
38-stack-list-locals --thread 1 --frame 0 1
39-var-create --thread 1 --frame 0 - * int_cnt
40-var-create --thread 1 --frame 0 - * p
41-data-read-memory-bytes --thread 1 3145728 320
42-exec-continue --thread 1
#
#Breakpoint 1 at /home/user2/esl24/esl2427/DMA_project_2/application/program1.c:110 triggered for processor top.cpu1
#
#main (argc=0, argv=0xfffff004) at program1.c:110
#110	        wfi();
43-data-read-memory-bytes --thread 1 3145728 320
44-mpd-list-processor-info
45-stack-list-locals --thread 1 --frame 0 1
46-stack-info-depth --thread 1 11
47-var-update 1 var1
48-var-update 1 var2
49-break-insert --thread 1 /home/user2/esl24/esl2427/DMA_project_2/application/program1.c:115
50-exec-continue --thread 1
#
#Breakpoint 9 at /home/user2/esl24/esl2427/DMA_project_2/application/program1.c:115 triggered for processor top.cpu1
#
#main (argc=0, argv=0xfffff004) at program1.c:115
#115	        printf("RISC-V-1  flag 0x200800  = 0x1\n");
51-data-read-memory-bytes --thread 1 3145728 320
52-mpd-list-processor-info
53-stack-info-depth --thread 1 11
54-stack-list-locals --thread 1 --frame 0 1
55-var-update 1 var1
56-var-update 1 var2
57-data-read-memory-bytes --thread 1 2098176 320
58-break-delete --thread 1 3
59-break-insert --thread 1 /home/user2/esl24/esl2427/DMA_project_2/application/program1.c:119
60-data-read-memory-bytes --thread 1 2099200 320
61-exec-continue --thread 1
#
#Breakpoint 10 at /home/user2/esl24/esl2427/DMA_project_2/application/program1.c:119 triggered for processor top.cpu1
#
#main (argc=0, argv=0xfffff004) at program1.c:119
#119	        printf("Program1 count (%d)\n", int_cnt);
62-data-read-memory-bytes --thread 1 2099200 320
63-stack-info-depth --thread 1 2
64-mpd-list-processor-info
65-stack-list-locals --thread 1 --frame 0 1
66-var-update 1 var1
67-var-update 1 var2
68-exec-continue --thread 1
#
#Breakpoint 6 at /home/user2/esl24/esl2427/DMA_project_2/application/program2.c:105 triggered for processor top.cpu2
#
#main (argc=0, argv=0xfffff004) at program2.c:105
#105	        printf("RISC-V-2 writing DMA control registers\n");
69-data-read-memory-bytes --thread 1 2099200 320
70-mpd-list-processor-info
71-stack-info-depth --thread 2 11
72-data-read-memory-bytes --thread 2 2099200 320
73-data-read-memory-bytes --thread 2 3146752 320
74-stack-list-locals --thread 2 --frame 0 1
75-var-create --thread 2 --frame 0 - * int_cnt
76-var-create --thread 2 --frame 0 - * p
77-data-read-memory-bytes --thread 2 2097152 320
78-exec-continue --thread 2
#
#Breakpoint 7 at /home/user2/esl24/esl2427/DMA_project_2/application/program2.c:114 triggered for processor top.cpu2
#
#main (argc=0, argv=0xfffff004) at program2.c:114
#114	        wfi();
79-data-read-memory-bytes --thread 2 2097152 320
80-mpd-list-processor-info
81-stack-list-locals --thread 2 --frame 0 1
82-stack-info-depth --thread 2 11
83-var-update 1 var3
84-var-update 1 var4
85-exec-continue --thread 2
#
#Breakpoint 8 at /home/user2/esl24/esl2427/DMA_project_2/application/program2.c:119 triggered for processor top.cpu2
#
#main (argc=0, argv=0xfffff004) at program2.c:119
#119	        printf("RISC-V-2  flag 0x200800  = 0x0\n");
86-data-read-memory-bytes --thread 2 2097152 320
87-mpd-list-processor-info
88-stack-info-depth --thread 2 11
89-stack-list-locals --thread 2 --frame 0 1
90-var-update 1 var3
91-var-update 1 var4
92-data-read-memory-bytes --thread 2 2099200 320
93-exec-continue --thread 2
#
#Breakpoint 5 at /home/user2/esl24/esl2427/DMA_project_2/application/program1.c:103 triggered for processor top.cpu1
#
#main (argc=0, argv=0xfffff004) at program1.c:103
#103	        printf("RISC-V-1 writing DMA control registers\n");
94-data-read-memory-bytes --thread 2 2099200 320
95-mpd-list-processor-info
96-stack-list-frames --thread 2
97-stack-list-arguments --thread 2 1
98-stack-list-locals --thread 2 --frame 0 1
99-stack-info-depth --thread 1 11
100-stack-info-depth --thread 2
101-var-create --thread 2 --frame 0 - * argc
102-var-create --thread 2 --frame 0 - * argv
103-var-update 1 var3
104-var-update 1 var4
105-data-read-memory-bytes --thread 1 2099200 320
106-data-read-memory-bytes --thread 1 2098176 320
107-stack-list-locals --thread 1 --frame 0 1
108-var-update 1 var1
109-var-update 1 var2
110-exec-continue --thread 1
#
#Breakpoint 1 at /home/user2/esl24/esl2427/DMA_project_2/application/program1.c:110 triggered for processor top.cpu1
#
#main (argc=0, argv=0xfffff004) at program1.c:110
#110	        wfi();
111-data-read-memory-bytes --thread 1 2099200 320
112-mpd-list-processor-info
113-stack-list-locals --thread 1 --frame 0 1
114-stack-info-depth --thread 1 11
115-var-update 1 var1
116-var-update 1 var2
117-stack-info-depth --thread 2 11
118-stack-list-frames --thread 2
119-exec-continue --thread 1
#
#Breakpoint 9 at /home/user2/esl24/esl2427/DMA_project_2/application/program1.c:115 triggered for processor top.cpu1
#
#main (argc=0, argv=0xfffff004) at program1.c:115
#115	        printf("RISC-V-1  flag 0x200800  = 0x1\n");
120-data-read-memory-bytes --thread 1 2099200 320
121-mpd-list-processor-info
122-stack-info-depth --thread 1 11
123-stack-list-locals --thread 1 --frame 0 1
124-var-update 1 var1
125-var-update 1 var2
126quit
# End MPD log
